0 info it worked if it ends with ok
1 verbose cli [ '/usr/local/Cellar/node/0.10.5/bin/node',
1 verbose cli   '/usr/local/bin/npm',
1 verbose cli   'install',
1 verbose cli   '-g',
1 verbose cli   'coffee-script' ]
2 info using npm@1.2.18
3 info using node@v0.10.5
4 verbose read json /usr/local/share/npm/lib/package.json
5 verbose read json /usr/local/share/npm/lib/package.json
6 verbose cache add [ 'coffee-script', null ]
7 verbose cache add name=undefined spec="coffee-script" args=["coffee-script",null]
8 verbose parsed url { protocol: null,
8 verbose parsed url   slashes: null,
8 verbose parsed url   auth: null,
8 verbose parsed url   host: null,
8 verbose parsed url   port: null,
8 verbose parsed url   hostname: null,
8 verbose parsed url   hash: null,
8 verbose parsed url   search: null,
8 verbose parsed url   query: null,
8 verbose parsed url   pathname: 'coffee-script',
8 verbose parsed url   path: 'coffee-script',
8 verbose parsed url   href: 'coffee-script' }
9 silly lockFile ab358269-coffee-script coffee-script
10 verbose lock coffee-script /Users/juhanakangaspunta/.npm/ab358269-coffee-script.lock
11 silly lockFile ab358269-coffee-script coffee-script
12 silly lockFile ab358269-coffee-script coffee-script
13 verbose addNamed [ 'coffee-script', '' ]
14 verbose addNamed [ null, '' ]
15 silly lockFile 53951495-coffee-script coffee-script@
16 verbose lock coffee-script@ /Users/juhanakangaspunta/.npm/53951495-coffee-script.lock
17 silly addNameRange { name: 'coffee-script', range: '', hasData: false }
18 verbose url raw coffee-script
19 verbose url resolving [ 'https://registry.npmjs.org/', './coffee-script' ]
20 verbose url resolved https://registry.npmjs.org/coffee-script
21 info trying registry request attempt 1 at 23:40:41
22 verbose etag "9BUOIG1HAKZXE7AQNZ00Z73UF"
23 http GET https://registry.npmjs.org/coffee-script
24 http 304 https://registry.npmjs.org/coffee-script
25 silly registry.get cb [ 304,
25 silly registry.get   { server: 'CouchDB/1.3.0 (Erlang OTP/R15B03)',
25 silly registry.get     etag: '"9BUOIG1HAKZXE7AQNZ00Z73UF"',
25 silly registry.get     date: 'Tue, 09 Jul 2013 20:40:43 GMT',
25 silly registry.get     'content-length': '0' } ]
26 verbose etag coffee-script from cache
27 silly addNameRange number 2 { name: 'coffee-script', range: '', hasData: true }
28 silly addNameRange versions [ 'coffee-script',
28 silly addNameRange   [ '0.7.0',
28 silly addNameRange     '0.7.1',
28 silly addNameRange     '0.7.2',
28 silly addNameRange     '0.9.0',
28 silly addNameRange     '0.9.1',
28 silly addNameRange     '0.9.2',
28 silly addNameRange     '0.9.3',
28 silly addNameRange     '0.9.4',
28 silly addNameRange     '0.9.5',
28 silly addNameRange     '0.9.6',
28 silly addNameRange     '1.0.0',
28 silly addNameRange     '1.0.1',
28 silly addNameRange     '1.1.0',
28 silly addNameRange     '1.1.1',
28 silly addNameRange     '1.1.2',
28 silly addNameRange     '1.1.3',
28 silly addNameRange     '1.2.0',
28 silly addNameRange     '1.3.0',
28 silly addNameRange     '1.3.1',
28 silly addNameRange     '1.3.2',
28 silly addNameRange     '1.3.3',
28 silly addNameRange     '1.4.0',
28 silly addNameRange     '1.5.0',
28 silly addNameRange     '1.6.0',
28 silly addNameRange     '1.6.1',
28 silly addNameRange     '1.6.2',
28 silly addNameRange     '1.6.3' ] ]
29 verbose addNamed [ 'coffee-script', '1.6.3' ]
30 verbose addNamed [ '1.6.3', '1.6.3' ]
31 silly lockFile 15ab88ca-coffee-script-1-6-3 coffee-script@1.6.3
32 verbose lock coffee-script@1.6.3 /Users/juhanakangaspunta/.npm/15ab88ca-coffee-script-1-6-3.lock
33 verbose read json /Users/juhanakangaspunta/.npm/coffee-script/1.6.3/package/package.json
34 silly lockFile 15ab88ca-coffee-script-1-6-3 coffee-script@1.6.3
35 silly lockFile 15ab88ca-coffee-script-1-6-3 coffee-script@1.6.3
36 silly lockFile 53951495-coffee-script coffee-script@
37 silly lockFile 53951495-coffee-script coffee-script@
38 silly resolved [ { name: 'coffee-script',
38 silly resolved     description: 'Unfancy JavaScript',
38 silly resolved     keywords: [ 'javascript', 'language', 'coffeescript', 'compiler' ],
38 silly resolved     author: { name: 'Jeremy Ashkenas' },
38 silly resolved     version: '1.6.3',
38 silly resolved     licenses: [ [Object] ],
38 silly resolved     engines: { node: '>=0.8.0' },
38 silly resolved     directories: { lib: './lib/coffee-script' },
38 silly resolved     main: './lib/coffee-script/coffee-script',
38 silly resolved     bin: { coffee: './bin/coffee', cake: './bin/cake' },
38 silly resolved     scripts: { test: 'node ./bin/cake test' },
38 silly resolved     homepage: 'http://coffeescript.org',
38 silly resolved     bugs: 'https://github.com/jashkenas/coffee-script/issues',
38 silly resolved     repository:
38 silly resolved      { type: 'git',
38 silly resolved        url: 'git://github.com/jashkenas/coffee-script.git' },
38 silly resolved     devDependencies: { 'uglify-js': '~2.2', jison: '>=0.2.0' },
38 silly resolved     readme: '\n            {\n         }   }   {\n        {   {  }  }\n         }   }{  {\n        {  }{  }  }                    _____       __  __\n       ( }{ }{  { )                   / ____|     / _|/ _|\n     .- { { }  { }} -.               | |     ___ | |_| |_ ___  ___\n    (  ( } { } { } }  )              | |    / _ \\|  _|  _/ _ \\/ _ \\\n    |`-..________ ..-\'|              | |___| (_) | | | ||  __/  __/\n    |                 |               \\_____\\___/|_| |_| \\___|\\___|\n    |                 ;--.\n    |                (__  \\            _____           _       _\n    |                 | )  )          / ____|         (_)     | |\n    |                 |/  /          | (___   ___ _ __ _ _ __ | |_\n    |                 (  /            \\___ \\ / __| \'__| | \'_ \\| __|\n    |                 |/              ____) | (__| |  | | |_) | |_\n    |                 |              |_____/ \\___|_|  |_| .__/ \\__|\n     `-.._________..-\'                                  | |\n                                                        |_|\n\n\n  CoffeeScript is a little language that compiles into JavaScript.\n\n  Install Node.js, and then the CoffeeScript compiler:\n  sudo bin/cake install\n\n  Or, if you have the Node Package Manager installed:\n  npm install -g coffee-script\n  (Leave off the -g if you don\'t wish to install globally.)\n\n  Execute a script:\n  coffee /path/to/script.coffee\n\n  Compile a script:\n  coffee -c /path/to/script.coffee\n\n  For documentation, usage, and examples, see:\n  http://coffeescript.org/\n\n  To suggest a feature, report a bug, or general discussion:\n  http://github.com/jashkenas/coffee-script/issues/\n\n  If you\'d like to chat, drop by #coffeescript on Freenode IRC,\n  or on webchat.freenode.net.\n\n  The source repository:\n  git://github.com/jashkenas/coffee-script.git\n\n  All contributors are listed here:\n  http://github.com/jashkenas/coffee-script/contributors\n',
38 silly resolved     readmeFilename: 'README',
38 silly resolved     _id: 'coffee-script@1.6.3',
38 silly resolved     _from: 'coffee-script@' } ]
39 info install coffee-script@1.6.3 into /usr/local/share/npm/lib
40 info installOne coffee-script@1.6.3
41 verbose from cache /Users/juhanakangaspunta/.npm/coffee-script/1.6.3/package/package.json
42 info /usr/local/share/npm/lib/node_modules/coffee-script unbuild
43 verbose read json /usr/local/share/npm/lib/node_modules/coffee-script/package.json
44 info preuninstall coffee-script@1.6.3
45 info uninstall coffee-script@1.6.3
46 verbose true,/usr/local/share/npm/lib/node_modules,/usr/local/share/npm/lib/node_modules unbuild coffee-script@1.6.3
47 verbose /usr/local/share/npm/bin,[object Object] binRoot
48 info /usr/local/share/npm/lib/node_modules/coffee-script unbuild
49 verbose read json /usr/local/share/npm/lib/node_modules/coffee-script/package.json
50 info preuninstall coffee-script@1.6.3
51 info uninstall coffee-script@1.6.3
52 verbose true,/usr/local/share/npm/lib/node_modules,/usr/local/share/npm/lib/node_modules unbuild coffee-script@1.6.3
53 verbose /usr/local/share/npm/bin,[object Object] binRoot
54 error error rolling back Error: EACCES, unlink '/usr/local/share/npm/bin/coffee'
54 error error rolling back  coffee-script@1.6.3 { [Error: EACCES, unlink '/usr/local/share/npm/bin/coffee']
54 error error rolling back   errno: 3,
54 error error rolling back   code: 'EACCES',
54 error error rolling back   path: '/usr/local/share/npm/bin/coffee' }
55 error Error: EACCES, unlink '/usr/local/share/npm/bin/coffee'
55 error  { [Error: EACCES, unlink '/usr/local/share/npm/bin/coffee']
55 error   errno: 3,
55 error   code: 'EACCES',
55 error   path: '/usr/local/share/npm/bin/coffee' }
56 error Please try running this command again as root/Administrator.
57 error System Darwin 11.4.2
58 error command "/usr/local/Cellar/node/0.10.5/bin/node" "/usr/local/bin/npm" "install" "-g" "coffee-script"
59 error cwd /Users/juhanakangaspunta/Own code/Nodecopter/nodecopter
60 error node -v v0.10.5
61 error npm -v 1.2.18
62 error path /usr/local/share/npm/bin/coffee
63 error code EACCES
64 error errno 3
65 error stack Error: EACCES, unlink '/usr/local/share/npm/bin/coffee'
66 verbose exit [ 3, true ]
